<?xml version="1.0" encoding="UTF-8"?>
<!-- Generated by org.testng.reporters.JUnitReportReporter -->
<testsuite skipped="0" hostname="840" name="com.crm.vtiger.OpportunityTest.TC_02CreateOprWithPerceptionAnalysisPOM" tests="2" failures="0" timestamp="2021-10-27T12:29:24 IST" time="64.104" errors="0">
  <testcase name="CreateOprWithPerceptionAnalysis" time="34.332" classname="com.crm.vtiger.OpportunityTest.TC_02CreateOprWithPerceptionAnalysisPOM"/>
  <system-out/>
  <testcase name="CreateOprWithPerceptionAnalysis" time="29.772" classname="com.crm.vtiger.OpportunityTest.TC_02CreateOprWithPerceptionAnalysisPOM"/>
  <system-out/>
</testsuite> <!-- com.crm.vtiger.OpportunityTest.TC_02CreateOprWithPerceptionAnalysisPOM -->
