<?xml version="1.0" encoding="UTF-8"?>
<!-- Generated by org.testng.reporters.JUnitReportReporter -->
<testsuite skipped="0" hostname="840" name="com.crm.vtiger.OpportunityTest.TC_04CreateOprWithNegotiationReviewPOM" tests="2" failures="0" timestamp="2021-10-27T12:29:24 IST" time="67.534" errors="0">
  <testcase name="CreateOprWithNegotiationReview" time="33.709" classname="com.crm.vtiger.OpportunityTest.TC_04CreateOprWithNegotiationReviewPOM"/>
  <system-out/>
  <testcase name="CreateOprWithNegotiationReview" time="33.825" classname="com.crm.vtiger.OpportunityTest.TC_04CreateOprWithNegotiationReviewPOM"/>
  <system-out/>
</testsuite> <!-- com.crm.vtiger.OpportunityTest.TC_04CreateOprWithNegotiationReviewPOM -->
