<?xml version="1.0" encoding="UTF-8"?>
<!-- Generated by org.testng.reporters.JUnitReportReporter -->
<testsuite skipped="0" hostname="840" name="com.crm.vtiger.OpportunityTest.TC_01CreateOprWithIdDecisionMakersPOM" tests="2" failures="0" timestamp="2021-10-27T12:29:24 IST" time="61.159" errors="0">
  <testcase name="CreateOprWithIdDecisionMakers" time="29.759" classname="com.crm.vtiger.OpportunityTest.TC_01CreateOprWithIdDecisionMakersPOM"/>
  <system-out/>
  <testcase name="CreateOprWithIdDecisionMakers" time="31.400" classname="com.crm.vtiger.OpportunityTest.TC_01CreateOprWithIdDecisionMakersPOM"/>
  <system-out/>
</testsuite> <!-- com.crm.vtiger.OpportunityTest.TC_01CreateOprWithIdDecisionMakersPOM -->
