<?xml version="1.0" encoding="UTF-8"?>
<!-- Generated by org.testng.reporters.JUnitReportReporter -->
<testsuite skipped="0" hostname="840" name="testScripts.TC_01CreateOprWithIdDecisionMakers" tests="1" failures="0" timestamp="2021-10-01T16:07:41 IST" time="27.168" errors="0">
  <testcase name="CreateOprWithIdDecisionMakers" time="27.168" classname="testScripts.TC_01CreateOprWithIdDecisionMakers"/>
  <system-out/>
</testsuite> <!-- testScripts.TC_01CreateOprWithIdDecisionMakers -->
