<?xml version="1.0" encoding="UTF-8"?>
<!-- Generated by org.testng.reporters.JUnitReportReporter -->
<testsuite skipped="0" hostname="840" name="testScripts.TC_04CreateOprWithNegotiationReview" tests="1" failures="0" timestamp="2021-10-01T15:48:42 IST" time="21.087" errors="0">
  <testcase name="CreateOprWithProposalPriceQuote" time="21.087" classname="testScripts.TC_04CreateOprWithNegotiationReview"/>
  <system-out/>
</testsuite> <!-- testScripts.TC_04CreateOprWithNegotiationReview -->
