<?xml version="1.0" encoding="UTF-8"?>
<!-- Generated by org.testng.reporters.JUnitReportReporter -->
<testsuite skipped="0" hostname="840" name="testScripts.TC_02CreateOprWithPerceptionAnalysis" tests="1" failures="0" timestamp="2021-10-01T15:06:48 IST" time="22.383" errors="0">
  <testcase name="CreateOprWithPerceptionAnalysis" time="22.383" classname="testScripts.TC_02CreateOprWithPerceptionAnalysis"/>
  <system-out/>
</testsuite> <!-- testScripts.TC_02CreateOprWithPerceptionAnalysis -->
