<?xml version="1.0" encoding="UTF-8"?>
<!-- Generated by org.testng.reporters.JUnitReportReporter -->
<testsuite skipped="0" hostname="840" name="com.crm.vtiger.OpportunityTest.TC_03CreateOprWithProposalPriceQuotePOM" tests="2" failures="0" timestamp="2021-10-27T12:29:24 IST" time="70.103" errors="0">
  <testcase name="CreateOprWithProposalPriceQuote" time="32.893" classname="com.crm.vtiger.OpportunityTest.TC_03CreateOprWithProposalPriceQuotePOM"/>
  <system-out/>
  <testcase name="CreateOprWithProposalPriceQuote" time="37.210" classname="com.crm.vtiger.OpportunityTest.TC_03CreateOprWithProposalPriceQuotePOM"/>
  <system-out/>
</testsuite> <!-- com.crm.vtiger.OpportunityTest.TC_03CreateOprWithProposalPriceQuotePOM -->
