<?xml version="1.0" encoding="UTF-8"?>
<!-- Generated by org.testng.reporters.JUnitReportReporter -->
<testsuite skipped="0" hostname="840" name="testScripts.TC_03CreateOprWithProposalPriceQuote" tests="1" failures="0" timestamp="2021-10-01T15:44:46 IST" time="21.504" errors="0">
  <testcase name="CreateOprWithProposalPriceQuote" time="21.504" classname="testScripts.TC_03CreateOprWithProposalPriceQuote"/>
  <system-out/>
</testsuite> <!-- testScripts.TC_03CreateOprWithProposalPriceQuote -->
