<?xml version="1.0" encoding="UTF-8"?>
<!-- Generated by org.testng.reporters.JUnitReportReporter -->
<testsuite skipped="0" hostname="840" name="com.crm.vtiger.OpportunityTest.TC_05CreateOprWithClosedWonPOM" tests="2" failures="0" timestamp="2021-10-27T12:29:24 IST" time="74.629" errors="0">
  <testcase name="CreateOprWithClosedWon" time="36.822" classname="com.crm.vtiger.OpportunityTest.TC_05CreateOprWithClosedWonPOM"/>
  <system-out/>
  <testcase name="CreateOprWithClosedWon" time="37.807" classname="com.crm.vtiger.OpportunityTest.TC_05CreateOprWithClosedWonPOM"/>
  <system-out/>
</testsuite> <!-- com.crm.vtiger.OpportunityTest.TC_05CreateOprWithClosedWonPOM -->
