<?xml version="1.0" encoding="UTF-8"?>
<!-- Generated by org.testng.reporters.JUnitReportReporter -->
<testsuite skipped="0" hostname="840" name="testScripts.urbanladder" tests="1" failures="0" timestamp="2021-12-10T18:12:55 IST" time="7.536" errors="0">
  <testcase name="demo" time="7.536" classname="testScripts.urbanladder"/>
  <system-out/>
</testsuite> <!-- testScripts.urbanladder -->
