<?xml version="1.0" encoding="UTF-8"?>
<!-- Generated by org.testng.reporters.JUnitReportReporter -->
<testsuite skipped="0" hostname="840" name="testScripts.TC_05CreateOprWithClosedWon" tests="1" failures="0" timestamp="2021-10-01T15:55:17 IST" time="22.823" errors="0">
  <testcase name="CreateOprWithProposalPriceQuote" time="22.823" classname="testScripts.TC_05CreateOprWithClosedWon"/>
  <system-out/>
</testsuite> <!-- testScripts.TC_05CreateOprWithClosedWon -->
